<?xml version="1.0" encoding="UTF-8"?>
<!-- Generated by org.testng.reporters.JUnitReportReporter -->
<testsuite hostname="DESKTOP-CMKOKBU" failures="0" tests="3" name="Practice_Maven.GroupsExcetueTest_1" time="0.019" errors="0" timestamp="2023-01-18T17:59:33 IST" skipped="0">
  <testcase classname="Practice_Maven.GroupsExcetueTest_1" name="goldLoan" time="0.003"/>
  <system-out/>
  <testcase classname="Practice_Maven.GroupsExcetueTest_1" name="eduLoan" time="0.014"/>
  <system-out/>
  <testcase classname="Practice_Maven.GroupsExcetueTest_1" name="marriageLoan" time="0.002"/>
  <system-out/>
</testsuite> <!-- Practice_Maven.GroupsExcetueTest_1 -->
