<?xml version="1.0" encoding="UTF-8"?>
<!-- Generated by org.testng.reporters.JUnitReportReporter -->
<testsuite hostname="DESKTOP-M57CAPD" failures="0" tests="1" name="Practice_Maven.CreateTest" time="0.020" errors="0" timestamp="2023-01-18T10:49:10 IST" skipped="0">
  <testcase classname="Practice_Maven.CreateTest" name="eduLoan" time="0.020"/>
  <system-out/>
</testsuite> <!-- Practice_Maven.CreateTest -->
